# JRE version: Java(TM) SE Runtime Environment (8.0_101-b13) (build 1.8.0_101-b13)
# Java VM: Java HotSpot(TM) 64-Bit Server VM (25.101-b13 mixed mode windows-amd64 compressed oops)
Heap:
 PSYoungGen      total 76288K, used 20202K [0x0000000755f00000, 0x000000075b680000, 0x00000007c0000000)
  eden space 74240K, 25% used [0x0000000755f00000,0x0000000757121388,0x000000075a780000)
  from space 2048K, 79% used [0x000000075a900000,0x000000075aa99830,0x000000075ab00000)
  to   space 7680K, 0% used [0x000000075af00000,0x000000075af00000,0x000000075b680000)
 ParOldGen       total 218624K, used 3963K [0x0000000681c00000, 0x000000068f180000, 0x0000000755f00000)
  object space 218624K, 1% used [0x0000000681c00000,0x0000000681fdece8,0x000000068f180000)
 Metaspace       used 12844K, capacity 13120K, committed 13440K, reserved 1060864K
  class space    used 1503K, capacity 1592K, committed 1664K, reserved 1048576K
GC Heap History (10 events):
Event: 28.931 GC heap before
{Heap before GC invocations=5 (full 0):
 PSYoungGen      total 95744K, used 87833K [0x0000000755f00000, 0x000000075c980000, 0x00000007c0000000)
  eden space 82432K, 100% used [0x0000000755f00000,0x000000075af80000,0x000000075af80000)
  from space 13312K, 40% used [0x000000075bc80000,0x000000075c1c67a0,0x000000075c980000)
  to   space 13312K, 0% used [0x000000075af80000,0x000000075af80000,0x000000075bc80000)
 ParOldGen       total 218624K, used 40K [0x0000000681c00000, 0x000000068f180000, 0x0000000755f00000)
  object space 218624K, 0% used [0x0000000681c00000,0x0000000681c0a000,0x000000068f180000)
 Metaspace       used 12782K, capacity 12992K, committed 13184K, reserved 1060864K
  class space    used 1503K, capacity 1592K, committed 1664K, reserved 1048576K
Event: 28.958 GC heap after
Heap after GC invocations=5 (full 0):
 PSYoungGen      total 85504K, used 4699K [0x0000000755f00000, 0x000000075bd00000, 0x00000007c0000000)
  eden space 80384K, 0% used [0x0000000755f00000,0x0000000755f00000,0x000000075ad80000)
  from space 5120K, 91% used [0x000000075af80000,0x000000075b416f70,0x000000075b480000)
  to   space 6656K, 0% used [0x000000075b680000,0x000000075b680000,0x000000075bd00000)
 ParOldGen       total 218624K, used 48K [0x0000000681c00000, 0x000000068f180000, 0x0000000755f00000)
  object space 218624K, 0% used [0x0000000681c00000,0x0000000681c0c000,0x000000068f180000)
 Metaspace       used 12782K, capacity 12992K, committed 13184K, reserved 1060864K
  class space    used 1503K, capacity 1592K, committed 1664K, reserved 1048576K
}
Event: 33.552 GC heap before
{Heap before GC invocations=6 (full 0):
 PSYoungGen      total 85504K, used 85083K [0x0000000755f00000, 0x000000075bd00000, 0x00000007c0000000)
  eden space 80384K, 100% used [0x0000000755f00000,0x000000075ad80000,0x000000075ad80000)
  from space 5120K, 91% used [0x000000075af80000,0x000000075b416f70,0x000000075b480000)
  to   space 6656K, 0% used [0x000000075b680000,0x000000075b680000,0x000000075bd00000)
 ParOldGen       total 218624K, used 48K [0x0000000681c00000, 0x000000068f180000, 0x0000000755f00000)
  object space 218624K, 0% used [0x0000000681c00000,0x0000000681c0c000,0x000000068f180000)
 Metaspace       used 12790K, capacity 12992K, committed 13184K, reserved 1060864K
  class space    used 1503K, capacity 1592K, committed 1664K, reserved 1048576K
Event: 33.575 GC heap after
Heap after GC invocations=6 (full 0):
 PSYoungGen      total 84480K, used 5385K [0x0000000755f00000, 0x000000075bc00000, 0x00000007c0000000)
  eden space 78848K, 0% used [0x0000000755f00000,0x0000000755f00000,0x000000075ac00000)
  from space 5632K, 95% used [0x000000075b680000,0x000000075bbc2790,0x000000075bc00000)
  to   space 6656K, 0% used [0x000000075af00000,0x000000075af00000,0x000000075b580000)
 ParOldGen       total 218624K, used 56K [0x0000000681c00000, 0x000000068f180000, 0x0000000755f00000)
  object space 218624K, 0% used [0x0000000681c00000,0x0000000681c0e000,0x000000068f180000)
 Metaspace       used 12790K, capacity 12992K, committed 13184K, reserved 1060864K
  class space    used 1503K, capacity 1592K, committed 1664K, reserved 1048576K
}
Event: 38.054 GC heap before
{Heap before GC invocations=7 (full 0):
 PSYoungGen      total 84480K, used 84233K [0x0000000755f00000, 0x000000075bc00000, 0x00000007c0000000)
  eden space 78848K, 100% used [0x0000000755f00000,0x000000075ac00000,0x000000075ac00000)
  from space 5632K, 95% used [0x000000075b680000,0x000000075bbc2790,0x000000075bc00000)
  to   space 6656K, 0% used [0x000000075af00000,0x000000075af00000,0x000000075b580000)
 ParOldGen       total 218624K, used 56K [0x0000000681c00000, 0x000000068f180000, 0x0000000755f00000)
  object space 218624K, 0% used [0x0000000681c00000,0x0000000681c0e000,0x000000068f180000)
 Metaspace       used 12823K, capacity 13056K, committed 13440K, reserved 1060864K
  class space    used 1503K, capacity 1592K, committed 1664K, reserved 1048576K
Event: 38.084 GC heap after
Heap after GC invocations=7 (full 0):
 PSYoungGen      total 79360K, used 1542K [0x0000000755f00000, 0x000000075b880000, 0x00000007c0000000)
  eden space 77312K, 0% used [0x0000000755f00000,0x0000000755f00000,0x000000075aa80000)
  from space 2048K, 75% used [0x000000075af00000,0x000000075b081830,0x000000075b100000)
  to   space 7168K, 0% used [0x000000075b180000,0x000000075b180000,0x000000075b880000)
 ParOldGen       total 218624K, used 3915K [0x0000000681c00000, 0x000000068f180000, 0x0000000755f00000)
  object space 218624K, 1% used [0x0000000681c00000,0x0000000681fd2ce8,0x000000068f180000)
 Metaspace       used 12823K, capacity 13056K, committed 13440K, reserved 1060864K
  class space    used 1503K, capacity 1592K, committed 1664K, reserved 1048576K
}
Event: 42.588 GC heap before
{Heap before GC invocations=8 (full 0):
 PSYoungGen      total 79360K, used 78854K [0x0000000755f00000, 0x000000075b880000, 0x00000007c0000000)
  eden space 77312K, 100% used [0x0000000755f00000,0x000000075aa80000,0x000000075aa80000)
  from space 2048K, 75% used [0x000000075af00000,0x000000075b081830,0x000000075b100000)
  to   space 7168K, 0% used [0x000000075b180000,0x000000075b180000,0x000000075b880000)
 ParOldGen       total 218624K, used 3915K [0x0000000681c00000, 0x000000068f180000, 0x0000000755f00000)
  object space 218624K, 1% used [0x0000000681c00000,0x0000000681fd2ce8,0x000000068f180000)
 Metaspace       used 12835K, capacity 13120K, committed 13440K, reserved 1060864K
  class space    used 1503K, capacity 1592K, committed 1664K, reserved 1048576K
Event: 42.594 GC heap after
Heap after GC invocations=8 (full 0):
 PSYoungGen      total 81408K, used 2742K [0x0000000755f00000, 0x000000075b700000, 0x00000007c0000000)
  eden space 75776K, 0% used [0x0000000755f00000,0x0000000755f00000,0x000000075a900000)
  from space 5632K, 48% used [0x000000075b180000,0x000000075b42d850,0x000000075b700000)
  to   space 7168K, 0% used [0x000000075a900000,0x000000075a900000,0x000000075b000000)
 ParOldGen       total 218624K, used 3931K [0x0000000681c00000, 0x000000068f180000, 0x0000000755f00000)
  object space 218624K, 1% used [0x0000000681c00000,0x0000000681fd6ce8,0x000000068f180000)
 Metaspace       used 12835K, capacity 13120K, committed 13440K, reserved 1060864K
  class space    used 1503K, capacity 1592K, committed 1664K, reserved 1048576K
}
Event: 46.945 GC heap before
{Heap before GC invocations=9 (full 0):
 PSYoungGen      total 81408K, used 78518K [0x0000000755f00000, 0x000000075b700000, 0x00000007c0000000)
  eden space 75776K, 100% used [0x0000000755f00000,0x000000075a900000,0x000000075a900000)
  from space 5632K, 48% used [0x000000075b180000,0x000000075b42d850,0x000000075b700000)
  to   space 7168K, 0% used [0x000000075a900000,0x000000075a900000,0x000000075b000000)
 ParOldGen       total 218624K, used 3931K [0x0000000681c00000, 0x000000068f180000, 0x0000000755f00000)
  object space 218624K, 1% used [0x0000000681c00000,0x0000000681fd6ce8,0x000000068f180000)
 Metaspace       used 12843K, capacity 13120K, committed 13440K, reserved 1060864K
  class space    used 1503K, capacity 1592K, committed 1664K, reserved 1048576K
Event: 46.952 GC heap after
Heap after GC invocations=9 (full 0):
 PSYoungGen      total 76288K, used 1638K [0x0000000755f00000, 0x000000075b680000, 0x00000007c0000000)
  eden space 74240K, 0% used [0x0000000755f00000,0x0000000755f00000,0x000000075a780000)
  from space 2048K, 79% used [0x000000075a900000,0x000000075aa99830,0x000000075ab00000)
  to   space 7680K, 0% used [0x000000075af00000,0x000000075af00000,0x000000075b680000)
 ParOldGen       total 218624K, used 3963K [0x0000000681c00000, 0x000000068f180000, 0x0000000755f00000)
  object space 218624K, 1% used [0x0000000681c00000,0x0000000681fdece8,0x000000068f180000)
 Metaspace       used 12843K, capacity 13120K, committed 13440K, reserved 1060864K
  class space    used 1503K, capacity 1592K, committed 1664K, reserved 1048576K
}

